[2023-05-31T15:59:43.187] [ERROR] clientError - {
  error: {
    name: 'refresh token failed',
    data: { data: 'refreshtoken expiration of identity' }
  }
}
[2023-05-31T16:03:04.148] [ERROR] clientError - {
  error: {
    name: 'refresh token failed',
    data: { data: 'refreshtoken expiration of identity' }
  }
}
[2023-06-13T12:01:21.660] [ERROR] clientError - {
  error: {
    code: 50001,
    data: null,
    message: "1048,Column 'source' cannot be null"
  }
}
[2023-06-13T12:01:22.039] [ERROR] clientError - {
  error: {
    code: 50001,
    data: null,
    message: "1048,Column 'source' cannot be null"
  }
}
[2023-06-13T12:04:21.738] [ERROR] clientError - {
  error: {
    code: 50001,
    data: null,
    message: "1048,Column 'device' cannot be null"
  }
}
[2023-06-13T12:05:15.509] [ERROR] clientError - {
  error: {
    code: 50001,
    data: null,
    message: "1048,Column 'device' cannot be null"
  }
}
