[2023-05-31T16:03:01.097] [ERROR] serverError - {
  code: 40002,
  data: { detail: 'Incorrect authentication credentials.' },
  message: 'Incorrect authentication credentials.',
  errors: { detail: 'Incorrect authentication credentials.' }
}
[2023-06-13T12:01:24.115] [INFO] serverInfo - {
  '0': 'ph/list?language_code=zh-CN',
  startTime: 1686628881554,
  finishTime: 1686628884115
}
[2023-06-13T12:01:25.438] [INFO] serverInfo - {
  '0': 'search?company_financing_stage_ids&company_industries&company_size_ids&degree_ids&function_job_title_ids&is_company_verified&job_functions_ids&job_location_ids&job_type_ids&main_job_function_ids&page=1&query_fields=job_title%2Ccompany_name&salary_from=&salary_to=&size=15&sort=2&source=web&xp_lvl_ids',
  startTime: 1686628884209,
  finishTime: 1686628885438
}
[2023-06-13T12:01:26.511] [INFO] serverInfo - {
  '0': '/chats/check-exists/jobseekers',
  '1': {
    params: {
      recruiter_ids: '2846082,2847734,2847916,644113,2847848,2847358,2847116,2845908,2847859,2846037,2846766,2847259,2846190,2846122,2846063'
    }
  },
  startTime: 1686628885439,
  finishTime: 1686628886511
}
[2023-06-13T12:05:17.098] [INFO] serverInfo - {
  '0': 'ph/list?language_code=zh-CN',
  startTime: 1686629115331,
  finishTime: 1686629117098
}
[2023-06-13T12:05:17.313] [INFO] serverInfo - {
  '0': 'ph/list?language_code=zh-CN',
  startTime: 1686629115650,
  finishTime: 1686629117313
}
[2023-06-13T12:05:17.805] [INFO] serverInfo - {
  '0': 'ph/list?language_code=zh-CN',
  startTime: 1686629116006,
  finishTime: 1686629117805
}
[2023-06-13T12:05:17.975] [INFO] serverInfo - {
  '0': 'ph/list?language_code=zh-CN',
  startTime: 1686629116084,
  finishTime: 1686629117975
}
[2023-06-13T12:05:17.989] [INFO] serverInfo - {
  '0': 'ph/list?language_code=zh-CN',
  startTime: 1686629115854,
  finishTime: 1686629117988
}
[2023-06-13T12:05:18.653] [INFO] serverInfo - {
  '0': 'search?company_financing_stage_ids&company_industries&company_size_ids&degree_ids&function_job_title_ids&is_company_verified&job_functions_ids&job_location_ids&job_type_ids&main_job_function_ids&page=1&query_fields=job_title%2Ccompany_name&salary_from=&salary_to=&size=15&sort=2&source=web&xp_lvl_ids',
  startTime: 1686629117368,
  finishTime: 1686629118653
}
[2023-06-13T12:05:18.696] [INFO] serverInfo - {
  '0': 'search?company_financing_stage_ids&company_industries&company_size_ids&degree_ids&function_job_title_ids&is_company_verified&job_functions_ids&job_location_ids&job_type_ids&main_job_function_ids&page=1&query_fields=job_title%2Ccompany_name&salary_from=&salary_to=&size=15&sort=2&source=web&xp_lvl_ids',
  startTime: 1686629117164,
  finishTime: 1686629118696
}
[2023-06-13T12:05:18.931] [INFO] serverInfo - {
  '0': 'ph/list?language_code=zh-CN',
  startTime: 1686629116318,
  finishTime: 1686629118931
}
[2023-06-13T12:05:19.606] [INFO] serverInfo - {
  '0': 'search?company_financing_stage_ids&company_industries&company_size_ids&degree_ids&function_job_title_ids&is_company_verified&job_functions_ids&job_location_ids&job_type_ids&main_job_function_ids&page=1&query_fields=job_title%2Ccompany_name&salary_from=&salary_to=&size=15&sort=2&source=web&xp_lvl_ids',
  startTime: 1686629117878,
  finishTime: 1686629119606
}
[2023-06-13T12:05:19.788] [INFO] serverInfo - {
  '0': '/chats/check-exists/jobseekers',
  '1': {
    params: {
      recruiter_ids: '2846082,2847734,2847916,644113,2847848,2847358,2847116,2845908,2847859,2846037,2846766,2847259,2846190,2846122,2846063'
    }
  },
  startTime: 1686629118654,
  finishTime: 1686629119788
}
[2023-06-13T12:05:19.814] [INFO] serverInfo - {
  '0': '/chats/check-exists/jobseekers',
  '1': {
    params: {
      recruiter_ids: '2846082,2847734,2847916,644113,2847848,2847358,2847116,2845908,2847859,2846037,2846766,2847259,2846190,2846122,2846063'
    }
  },
  startTime: 1686629118697,
  finishTime: 1686629119814
}
[2023-06-13T12:05:20.032] [INFO] serverInfo - {
  '0': 'search?company_financing_stage_ids&company_industries&company_size_ids&degree_ids&function_job_title_ids&is_company_verified&job_functions_ids&job_location_ids&job_type_ids&main_job_function_ids&page=1&query_fields=job_title%2Ccompany_name&salary_from=&salary_to=&size=15&sort=2&source=web&xp_lvl_ids',
  startTime: 1686629118571,
  finishTime: 1686629120032
}
[2023-06-13T12:05:20.087] [INFO] serverInfo - {
  '0': 'search?company_financing_stage_ids&company_industries&company_size_ids&degree_ids&function_job_title_ids&is_company_verified&job_functions_ids&job_location_ids&job_type_ids&main_job_function_ids&page=1&query_fields=job_title%2Ccompany_name&salary_from=&salary_to=&size=15&sort=2&source=web&xp_lvl_ids',
  startTime: 1686629118384,
  finishTime: 1686629120087
}
[2023-06-13T12:05:20.218] [INFO] serverInfo - {
  '0': 'search?company_financing_stage_ids&company_industries&company_size_ids&degree_ids&function_job_title_ids&is_company_verified&job_functions_ids&job_location_ids&job_type_ids&main_job_function_ids&page=1&query_fields=job_title%2Ccompany_name&salary_from=&salary_to=&size=15&sort=2&source=web&xp_lvl_ids',
  startTime: 1686629118983,
  finishTime: 1686629120218
}
[2023-06-13T12:05:20.830] [INFO] serverInfo - {
  '0': '/chats/check-exists/jobseekers',
  '1': {
    params: {
      recruiter_ids: '2846082,2847734,2847916,644113,2847848,2847358,2847116,2845908,2847859,2846037,2846766,2847259,2846190,2846122,2846063'
    }
  },
  startTime: 1686629119606,
  finishTime: 1686629120830
}
[2023-06-13T12:05:21.107] [INFO] serverInfo - {
  '0': '/chats/check-exists/jobseekers',
  '1': {
    params: {
      recruiter_ids: '2846082,2847734,2847916,644113,2847848,2847358,2847116,2845908,2847859,2846037,2846766,2847259,2846190,2846122,2846063'
    }
  },
  startTime: 1686629120032,
  finishTime: 1686629121107
}
[2023-06-13T12:05:21.251] [INFO] serverInfo - {
  '0': '/chats/check-exists/jobseekers',
  '1': {
    params: {
      recruiter_ids: '2846082,2847734,2847916,644113,2847848,2847358,2847116,2845908,2847859,2846037,2846766,2847259,2846190,2846122,2846063'
    }
  },
  startTime: 1686629120087,
  finishTime: 1686629121251
}
[2023-06-13T12:05:21.374] [INFO] serverInfo - {
  '0': '/chats/check-exists/jobseekers',
  '1': {
    params: {
      recruiter_ids: '2846082,2847734,2847916,644113,2847848,2847358,2847116,2845908,2847859,2846037,2846766,2847259,2846190,2846122,2846063'
    }
  },
  startTime: 1686629120218,
  finishTime: 1686629121374
}
[2023-06-13T12:05:39.096] [INFO] serverInfo - {
  '0': 'ph/list?language_code=zh-CN',
  startTime: 1686629137024,
  finishTime: 1686629139095
}
[2023-06-13T12:05:40.593] [INFO] serverInfo - {
  '0': 'search?company_financing_stage_ids&company_industries&company_size_ids&degree_ids&function_job_title_ids&is_company_verified&job_functions_ids&job_location_ids&job_type_ids&main_job_function_ids&page=1&query_fields=job_title%2Ccompany_name&salary_from=&salary_to=&size=15&sort=2&source=web&xp_lvl_ids',
  startTime: 1686629139168,
  finishTime: 1686629140593
}
[2023-06-13T12:05:41.729] [INFO] serverInfo - {
  '0': '/chats/check-exists/jobseekers',
  '1': {
    params: {
      recruiter_ids: '2846082,2847734,2847916,644113,2847848,2847358,2847116,2845908,2847859,2846037,2846766,2847259,2846190,2846122,2846063'
    }
  },
  startTime: 1686629140594,
  finishTime: 1686629141728
}
