[2023-06-09T16:51:58.387] [INFO] serverInfo - {
  '0': 'ph/list?language_code=zh-CN',
  startTime: 1686300713070,
  finishTime: 1686300718385
}
[2023-06-09T16:52:05.181] [INFO] serverInfo - {
  '0': 'ph/list?language_code=zh-CN',
  startTime: 1686300721278,
  finishTime: 1686300725180
}
[2023-06-09T16:52:06.143] [INFO] serverInfo - {
  '0': 'ph/list?language_code=zh-CN',
  startTime: 1686300721872,
  finishTime: 1686300726143
}
[2023-06-12T18:10:14.132] [INFO] serverInfo - {
  '0': 'ph/list?language_code=zh-CN',
  startTime: 1686564611032,
  finishTime: 1686564614132
}
[2023-06-13T13:39:42.360] [INFO] serverInfo - {
  '0': 'ph/list?language_code=en',
  startTime: 1686634779710,
  finishTime: 1686634782359
}
[2023-06-13T13:39:44.200] [INFO] serverInfo - {
  '0': '/featured-companies?page=1&size=6&job_location_ids=63',
  startTime: 1686634782403,
  finishTime: 1686634784200
}
[2023-06-13T13:39:44.889] [INFO] serverInfo - {
  '0': '/featured-companies?page=1&size=6&job_location_ids=63',
  startTime: 1686634782406,
  finishTime: 1686634784889
}
[2023-06-13T14:22:45.268] [INFO] serverInfo - {
  '0': 'ph/list?language_code=zh-CN',
  startTime: 1686637361424,
  finishTime: 1686637365266
}
[2023-06-13T14:33:29.590] [INFO] serverInfo - {
  '0': 'ph/list?language_code=zh-CN',
  startTime: 1686638004425,
  finishTime: 1686638009587
}
[2023-06-13T14:33:31.718] [INFO] serverInfo - {
  '0': '/featured-companies?page=1&size=6&job_location_ids=63',
  startTime: 1686638009632,
  finishTime: 1686638011718
}
[2023-06-13T14:33:32.707] [INFO] serverInfo - {
  '0': '/featured-companies?page=1&size=6&job_location_ids=63',
  startTime: 1686638009631,
  finishTime: 1686638012707
}
[2023-06-13T14:33:42.061] [INFO] serverInfo - {
  '0': 'ph/list?language_code=zh-CN',
  startTime: 1686638019186,
  finishTime: 1686638022061
}
[2023-06-13T14:33:44.445] [INFO] serverInfo - {
  '0': '/featured-companies?page=1&size=6&job_location_ids=63',
  startTime: 1686638022093,
  finishTime: 1686638024445
}
[2023-06-13T14:33:44.446] [INFO] serverInfo - {
  '0': '/featured-companies?page=1&size=6&job_location_ids=63',
  startTime: 1686638022092,
  finishTime: 1686638024446
}
[2023-06-13T14:33:52.401] [INFO] serverInfo - {
  '0': 'ph/list?language_code=zh-CN',
  startTime: 1686638023857,
  finishTime: 1686638032400
}
[2023-06-13T14:33:52.491] [INFO] serverInfo - {
  '0': 'ph/list?language_code=zh-CN',
  startTime: 1686638024329,
  finishTime: 1686638032491
}
[2023-06-13T14:33:55.095] [INFO] serverInfo - {
  '0': 'search?company_financing_stage_ids&company_industries&company_size_ids&degree_ids&function_job_title_ids&is_company_verified&job_functions_ids&job_location_ids&job_type_ids&main_job_function_ids&page=1&query_fields=job_title%2Ccompany_name&salary_from=&salary_to=&size=15&sort=2&source=web&xp_lvl_ids',
  startTime: 1686638032577,
  finishTime: 1686638035094
}
[2023-06-13T14:33:55.328] [INFO] serverInfo - {
  '0': 'search?company_financing_stage_ids&company_industries&company_size_ids&degree_ids&function_job_title_ids&is_company_verified&job_functions_ids&job_location_ids&job_type_ids&main_job_function_ids&page=1&query_fields=job_title%2Ccompany_name&salary_from=&salary_to=&size=15&sort=2&source=web&xp_lvl_ids',
  startTime: 1686638032669,
  finishTime: 1686638035328
}
[2023-06-13T14:35:26.271] [INFO] serverInfo - {
  '0': 'ph/list?language_code=zh-CN',
  startTime: 1686638120851,
  finishTime: 1686638126270
}
[2023-06-13T14:35:45.581] [INFO] serverInfo - {
  '0': 'ph/list?language_code=zh-CN',
  startTime: 1686638141834,
  finishTime: 1686638145581
}
[2023-06-13T14:35:46.972] [INFO] serverInfo - {
  '0': 'ph/list?language_code=zh-CN',
  startTime: 1686638142785,
  finishTime: 1686638146971
}
[2023-06-13T14:35:49.962] [INFO] serverInfo - {
  '0': 'search?company_financing_stage_ids&company_industries&company_size_ids&degree_ids&function_job_title_ids&is_company_verified&job_functions_ids&job_location_ids&job_type_ids&main_job_function_ids&page=1&query_fields=job_title%2Ccompany_name&salary_from=&salary_to=&size=15&sort=2&source=web&xp_lvl_ids',
  startTime: 1686638147057,
  finishTime: 1686638149961
}
[2023-06-13T14:42:14.943] [INFO] serverInfo - {
  '0': 'ph/list?language_code=zh-CN',
  startTime: 1686638530506,
  finishTime: 1686638534942
}
[2023-06-13T14:42:17.000] [INFO] serverInfo - {
  '0': 'search?company_financing_stage_ids&company_industries&company_size_ids&degree_ids&function_job_title_ids&is_company_verified&job_functions_ids&job_location_ids&job_type_ids&main_job_function_ids&page=1&query_fields=job_title%2Ccompany_name&salary_from=&salary_to=&size=15&sort=2&source=web&xp_lvl_ids',
  startTime: 1686638535050,
  finishTime: 1686638536999
}
[2023-06-13T15:04:00.389] [INFO] serverInfo - {
  '0': 'ph/list?language_code=zh-CN',
  startTime: 1686639836524,
  finishTime: 1686639840388
}
[2023-06-13T15:04:03.218] [INFO] serverInfo - {
  '0': 'search?company_financing_stage_ids&company_industries&company_size_ids&degree_ids&function_job_title_ids&is_company_verified&job_functions_ids&job_location_ids&job_type_ids&main_job_function_ids&page=1&query_fields=job_title%2Ccompany_name&salary_from=&salary_to=&size=15&sort=2&source=web&xp_lvl_ids',
  startTime: 1686639840902,
  finishTime: 1686639843218
}
[2023-06-13T15:04:03.550] [INFO] serverInfo - {
  '0': 'ph/list?language_code=zh-CN',
  startTime: 1686639840213,
  finishTime: 1686639843549
}
[2023-06-13T15:04:06.162] [INFO] serverInfo - {
  '0': 'search?company_financing_stage_ids&company_industries&company_size_ids&degree_ids&function_job_title_ids&is_company_verified&job_functions_ids&job_location_ids&job_type_ids&main_job_function_ids&page=1&query_fields=job_title%2Ccompany_name&salary_from=&salary_to=&size=15&sort=2&source=web&xp_lvl_ids',
  startTime: 1686639843655,
  finishTime: 1686639846161
}
